  [1m[36m (1.7ms)[0m  [1mCREATE TABLE "schema_migrations" ("version" varchar NOT NULL) [0m
  [1m[35m (0.1ms)[0m  select sqlite_version(*)
  [1m[36m (1.6ms)[0m  [1mCREATE UNIQUE INDEX "unique_schema_migrations" ON "schema_migrations" ("version")[0m
  [1m[35mActiveRecord::SchemaMigration Load (0.1ms)[0m  SELECT "schema_migrations".* FROM "schema_migrations"


Started GET "/" for ::1 at 2015-11-17 17:47:54 -0600
Processing by Rails::WelcomeController#index as HTML
  Rendered /Users/admin/.rvm/gems/ruby-2.1.2/gems/railties-4.2.3/lib/rails/templates/rails/welcome/index.html.erb (2.8ms)
Completed 200 OK in 27ms (Views: 19.4ms | ActiveRecord: 0.0ms)
  [1m[36mActiveRecord::SchemaMigration Load (0.1ms)[0m  [1mSELECT "schema_migrations".* FROM "schema_migrations"[0m
Migrating to CreateStudents (1)
  [1m[35m (0.1ms)[0m  begin transaction
  [1m[36m (0.4ms)[0m  [1mCREATE TABLE "students" ("id" INTEGER PRIMARY KEY AUTOINCREMENT NOT NULL, "first_name" varchar, "last_name" varchar, "created_at" datetime NOT NULL, "updated_at" datetime NOT NULL) [0m
  [1m[35mSQL (0.3ms)[0m  INSERT INTO "schema_migrations" ("version") VALUES (?)  [["version", "1"]]
  [1m[36m (1.4ms)[0m  [1mcommit transaction[0m
  [1m[35mActiveRecord::SchemaMigration Load (0.1ms)[0m  SELECT "schema_migrations".* FROM "schema_migrations"
  [1m[36m (0.1ms)[0m  [1mbegin transaction[0m
  [1m[35mSQL (0.3ms)[0m  INSERT INTO "students" ("first_name", "last_name", "created_at", "updated_at") VALUES (?, ?, ?, ?)  [["first_name", "Jordan"], ["last_name", "Hudgens"], ["created_at", "2015-11-18 00:10:55.545365"], ["updated_at", "2015-11-18 00:10:55.545365"]]
  [1m[36m (2.9ms)[0m  [1mcommit transaction[0m
  [1m[35mStudent Load (0.2ms)[0m  SELECT  "students".* FROM "students"  ORDER BY "students"."id" DESC LIMIT 1
  [1m[36m (0.1ms)[0m  [1mbegin transaction[0m
  [1m[35mSQL (0.3ms)[0m  INSERT INTO "students" ("created_at", "updated_at") VALUES (?, ?)  [["created_at", "2015-11-18 00:17:49.095449"], ["updated_at", "2015-11-18 00:17:49.095449"]]
  [1m[36m (1.2ms)[0m  [1mcommit transaction[0m
  [1m[35mStudent Load (0.2ms)[0m  SELECT  "students".* FROM "students"  ORDER BY "students"."id" DESC LIMIT 1
  [1m[36mActiveRecord::SchemaMigration Load (0.1ms)[0m  [1mSELECT "schema_migrations".* FROM "schema_migrations"[0m
  [1m[35mActiveRecord::SchemaMigration Load (0.1ms)[0m  SELECT "schema_migrations".* FROM "schema_migrations"


Started GET "/" for ::1 at 2015-11-18 13:36:42 -0600
  [1m[36mActiveRecord::SchemaMigration Load (0.1ms)[0m  [1mSELECT "schema_migrations".* FROM "schema_migrations"[0m
Processing by Rails::WelcomeController#index as HTML
  Rendered /Users/admin/.rvm/gems/ruby-2.1.2/gems/railties-4.2.3/lib/rails/templates/rails/welcome/index.html.erb (2.4ms)
Completed 200 OK in 39ms (Views: 24.5ms | ActiveRecord: 0.0ms)


Started GET "/" for ::1 at 2015-11-18 13:37:10 -0600
Processing by Rails::WelcomeController#index as HTML
  Rendered /Users/admin/.rvm/gems/ruby-2.1.2/gems/railties-4.2.3/lib/rails/templates/rails/welcome/index.html.erb (0.0ms)
Completed 200 OK in 1ms (Views: 0.7ms | ActiveRecord: 0.0ms)
  [1m[36mActiveRecord::SchemaMigration Load (0.1ms)[0m  [1mSELECT "schema_migrations".* FROM "schema_migrations"[0m
Migrating to CreateSchoolClasses (20170813213813)
  [1m[35m (0.1ms)[0m  begin transaction
  [1m[36m (0.6ms)[0m  [1mCREATE TABLE "school_classes" ("id" INTEGER PRIMARY KEY AUTOINCREMENT NOT NULL, "title" varchar, "room_number" integer) [0m
  [1m[35mSQL (0.2ms)[0m  INSERT INTO "schema_migrations" ("version") VALUES (?)  [["version", "20170813213813"]]
  [1m[36m (1.0ms)[0m  [1mcommit transaction[0m
  [1m[35mActiveRecord::SchemaMigration Load (0.2ms)[0m  SELECT "schema_migrations".* FROM "schema_migrations"
  [1m[36mActiveRecord::SchemaMigration Load (0.5ms)[0m  [1mSELECT "schema_migrations".* FROM "schema_migrations"[0m
  [1m[35mActiveRecord::SchemaMigration Load (0.1ms)[0m  SELECT "schema_migrations".* FROM "schema_migrations"


Started GET "/" for ::1 at 2017-08-14 09:49:42 -0400
  [1m[36mActiveRecord::SchemaMigration Load (0.2ms)[0m  [1mSELECT "schema_migrations".* FROM "schema_migrations"[0m
Processing by Rails::WelcomeController#index as HTML
  Rendered /Users/flatironschool/.rvm/gems/ruby-2.3.1/gems/railties-4.2.3/lib/rails/templates/rails/welcome/index.html.erb (2.4ms)
Completed 200 OK in 39ms (Views: 11.8ms | ActiveRecord: 0.0ms)


Started GET "/" for ::1 at 2017-08-14 09:49:45 -0400
Processing by Rails::WelcomeController#index as HTML
  Rendered /Users/flatironschool/.rvm/gems/ruby-2.3.1/gems/railties-4.2.3/lib/rails/templates/rails/welcome/index.html.erb (0.0ms)
Completed 200 OK in 3ms (Views: 2.5ms | ActiveRecord: 0.0ms)


Started GET "/students" for ::1 at 2017-08-14 09:49:46 -0400
Processing by StudentsController#index as HTML
  Rendered students/index.html.erb within layouts/application (0.3ms)
Completed 200 OK in 2158ms (Views: 2155.6ms | ActiveRecord: 0.0ms)


Started GET "/students" for ::1 at 2017-08-14 09:49:48 -0400
Processing by StudentsController#index as HTML
  Rendered students/index.html.erb within layouts/application (0.1ms)
Completed 200 OK in 46ms (Views: 45.6ms | ActiveRecord: 0.0ms)


Started GET "/students" for ::1 at 2017-08-14 09:51:48 -0400
  [1m[36mActiveRecord::SchemaMigration Load (0.1ms)[0m  [1mSELECT "schema_migrations".* FROM "schema_migrations"[0m
Processing by StudentsController#index as HTML
  Rendered students/index.html.erb within layouts/application (0.9ms)
Completed 500 Internal Server Error in 41ms (ActiveRecord: 0.0ms)

SyntaxError (/Users/flatironschool/Development/Two-Module/rails/rails-form_for-lab-web-071717/app/views/students/index.html.erb:4: syntax error, unexpected keyword_ensure, expecting keyword_end
/Users/flatironschool/Development/Two-Module/rails/rails-form_for-lab-web-071717/app/views/students/index.html.erb:6: syntax error, unexpected end-of-input, expecting keyword_end):
  app/views/students/index.html.erb:4: syntax error, unexpected keyword_ensure, expecting keyword_end
  app/views/students/index.html.erb:6: syntax error, unexpected end-of-input, expecting keyword_end


  Rendered /Users/flatironschool/.rvm/gems/ruby-2.3.1/gems/actionpack-4.2.3/lib/action_dispatch/middleware/templates/rescues/_source.erb (6.6ms)
  Rendered /Users/flatironschool/.rvm/gems/ruby-2.3.1/gems/actionpack-4.2.3/lib/action_dispatch/middleware/templates/rescues/_trace.html.erb (3.1ms)
  Rendered /Users/flatironschool/.rvm/gems/ruby-2.3.1/gems/actionpack-4.2.3/lib/action_dispatch/middleware/templates/rescues/_request_and_response.html.erb (1.4ms)
  Rendered /Users/flatironschool/.rvm/gems/ruby-2.3.1/gems/actionpack-4.2.3/lib/action_dispatch/middleware/templates/rescues/diagnostics.html.erb within rescues/layout (79.2ms)
  Rendered /Users/flatironschool/.rvm/gems/ruby-2.3.1/gems/web-console-2.2.1/lib/web_console/templates/_markup.html.erb (0.6ms)
  Rendered /Users/flatironschool/.rvm/gems/ruby-2.3.1/gems/web-console-2.2.1/lib/web_console/templates/_inner_console_markup.html.erb within layouts/inlined_string (0.4ms)
  Rendered /Users/flatironschool/.rvm/gems/ruby-2.3.1/gems/web-console-2.2.1/lib/web_console/templates/_prompt_box_markup.html.erb within layouts/inlined_string (0.6ms)
  Rendered /Users/flatironschool/.rvm/gems/ruby-2.3.1/gems/web-console-2.2.1/lib/web_console/templates/style.css.erb within layouts/inlined_string (0.5ms)
  Rendered /Users/flatironschool/.rvm/gems/ruby-2.3.1/gems/web-console-2.2.1/lib/web_console/templates/console.js.erb within layouts/javascript (68.5ms)
  Rendered /Users/flatironschool/.rvm/gems/ruby-2.3.1/gems/web-console-2.2.1/lib/web_console/templates/main.js.erb within layouts/javascript (0.3ms)
  Rendered /Users/flatironschool/.rvm/gems/ruby-2.3.1/gems/web-console-2.2.1/lib/web_console/templates/error_page.js.erb within layouts/javascript (0.5ms)
  Rendered /Users/flatironschool/.rvm/gems/ruby-2.3.1/gems/web-console-2.2.1/lib/web_console/templates/index.html.erb (150.4ms)


Started GET "/students" for ::1 at 2017-08-14 09:51:50 -0400
Processing by StudentsController#index as HTML
  Rendered students/index.html.erb within layouts/application (0.7ms)
Completed 500 Internal Server Error in 5ms (ActiveRecord: 0.0ms)

SyntaxError (/Users/flatironschool/Development/Two-Module/rails/rails-form_for-lab-web-071717/app/views/students/index.html.erb:4: syntax error, unexpected keyword_ensure, expecting keyword_end
/Users/flatironschool/Development/Two-Module/rails/rails-form_for-lab-web-071717/app/views/students/index.html.erb:6: syntax error, unexpected end-of-input, expecting keyword_end):
  app/views/students/index.html.erb:4: syntax error, unexpected keyword_ensure, expecting keyword_end
  app/views/students/index.html.erb:6: syntax error, unexpected end-of-input, expecting keyword_end


  Rendered /Users/flatironschool/.rvm/gems/ruby-2.3.1/gems/actionpack-4.2.3/lib/action_dispatch/middleware/templates/rescues/_source.erb (5.5ms)
  Rendered /Users/flatironschool/.rvm/gems/ruby-2.3.1/gems/actionpack-4.2.3/lib/action_dispatch/middleware/templates/rescues/_trace.html.erb (2.3ms)
  Rendered /Users/flatironschool/.rvm/gems/ruby-2.3.1/gems/actionpack-4.2.3/lib/action_dispatch/middleware/templates/rescues/_request_and_response.html.erb (1.7ms)
  Rendered /Users/flatironschool/.rvm/gems/ruby-2.3.1/gems/actionpack-4.2.3/lib/action_dispatch/middleware/templates/rescues/diagnostics.html.erb within rescues/layout (67.4ms)
  Rendered /Users/flatironschool/.rvm/gems/ruby-2.3.1/gems/web-console-2.2.1/lib/web_console/templates/_markup.html.erb (0.9ms)
  Rendered /Users/flatironschool/.rvm/gems/ruby-2.3.1/gems/web-console-2.2.1/lib/web_console/templates/_inner_console_markup.html.erb within layouts/inlined_string (0.4ms)
  Rendered /Users/flatironschool/.rvm/gems/ruby-2.3.1/gems/web-console-2.2.1/lib/web_console/templates/_prompt_box_markup.html.erb within layouts/inlined_string (0.4ms)
  Rendered /Users/flatironschool/.rvm/gems/ruby-2.3.1/gems/web-console-2.2.1/lib/web_console/templates/style.css.erb within layouts/inlined_string (0.4ms)
  Rendered /Users/flatironschool/.rvm/gems/ruby-2.3.1/gems/web-console-2.2.1/lib/web_console/templates/console.js.erb within layouts/javascript (56.8ms)
  Rendered /Users/flatironschool/.rvm/gems/ruby-2.3.1/gems/web-console-2.2.1/lib/web_console/templates/main.js.erb within layouts/javascript (0.4ms)
  Rendered /Users/flatironschool/.rvm/gems/ruby-2.3.1/gems/web-console-2.2.1/lib/web_console/templates/error_page.js.erb within layouts/javascript (0.6ms)
  Rendered /Users/flatironschool/.rvm/gems/ruby-2.3.1/gems/web-console-2.2.1/lib/web_console/templates/index.html.erb (138.6ms)


Started GET "/students" for ::1 at 2017-08-14 09:52:17 -0400
Processing by StudentsController#index as HTML
  [1m[35mStudent Load (0.5ms)[0m  SELECT "students".* FROM "students"
  Rendered students/index.html.erb within layouts/application (4.7ms)
Completed 200 OK in 232ms (Views: 230.9ms | ActiveRecord: 0.8ms)


Started GET "/assets/application.self-e80e8f2318043e8af94dddc2adad5a4f09739a8ebb323b3ab31cd71d45fd9113.css?body=1" for ::1 at 2017-08-14 09:52:17 -0400


Started GET "/assets/jquery_ujs.self-d456baa54c1fa6be2ec3711f0a72ddf7a5b2f34a6b4f515f33767d6207b7d4b3.js?body=1" for ::1 at 2017-08-14 09:52:17 -0400


Started GET "/assets/application.self-3b8dabdc891efe46b9a144b400ad69e37d7e5876bdc39dee783419a69d7ca819.js?body=1" for ::1 at 2017-08-14 09:52:17 -0400


Started GET "/assets/turbolinks.self-c37727e9bd6b2735da5c311aa83fead54ed0be6cc8bd9a65309e9c5abe2cbfff.js?body=1" for ::1 at 2017-08-14 09:52:17 -0400


Started GET "/assets/jquery.self-a714331225dda820228db323939889f149aec0127aeb06255646b616ba1ca419.js?body=1" for ::1 at 2017-08-14 09:52:17 -0400


Started GET "/students" for ::1 at 2017-08-14 09:53:08 -0400
  [1m[36mActiveRecord::SchemaMigration Load (0.2ms)[0m  [1mSELECT "schema_migrations".* FROM "schema_migrations"[0m
Processing by StudentsController#index as HTML
  [1m[35mStudent Load (0.2ms)[0m  SELECT "students".* FROM "students"
  Rendered students/index.html.erb within layouts/application (5.7ms)
Completed 200 OK in 233ms (Views: 212.2ms | ActiveRecord: 0.5ms)


Started GET "/assets/application.self-e80e8f2318043e8af94dddc2adad5a4f09739a8ebb323b3ab31cd71d45fd9113.css?body=1" for ::1 at 2017-08-14 09:53:08 -0400


Started GET "/assets/jquery_ujs.self-d456baa54c1fa6be2ec3711f0a72ddf7a5b2f34a6b4f515f33767d6207b7d4b3.js?body=1" for ::1 at 2017-08-14 09:53:08 -0400


Started GET "/assets/turbolinks.self-c37727e9bd6b2735da5c311aa83fead54ed0be6cc8bd9a65309e9c5abe2cbfff.js?body=1" for ::1 at 2017-08-14 09:53:08 -0400


Started GET "/assets/application.self-3b8dabdc891efe46b9a144b400ad69e37d7e5876bdc39dee783419a69d7ca819.js?body=1" for ::1 at 2017-08-14 09:53:08 -0400


Started GET "/assets/jquery.self-a714331225dda820228db323939889f149aec0127aeb06255646b616ba1ca419.js?body=1" for ::1 at 2017-08-14 09:53:08 -0400


Started GET "/students/new" for ::1 at 2017-08-14 09:53:11 -0400
Processing by StudentsController#new as HTML
  Rendered students/new.html.erb within layouts/application (21.3ms)
Completed 200 OK in 59ms (Views: 57.9ms | ActiveRecord: 0.0ms)


Started POST "/students" for ::1 at 2017-08-14 09:53:15 -0400
Processing by StudentsController#create as HTML
  Parameters: {"utf8"=>"✓", "authenticity_token"=>"2GKcgxrSsGVjy06POsSBQuSh+V+Hzy416ArrJ18ZofGirHbY7rzPx+YXBTnqfZIGElBkHF/+OkdVpFcHLY/Chw==", "student"=>{"first_name"=>"Daniel", "last_name"=>"Kushel"}, "commit"=>"Create Student"}
  [1m[36m (0.1ms)[0m  [1mbegin transaction[0m
  [1m[35mSQL (8.3ms)[0m  INSERT INTO "students" ("created_at", "updated_at") VALUES (?, ?)  [["created_at", "2017-08-14 13:53:15.813880"], ["updated_at", "2017-08-14 13:53:15.813880"]]
  [1m[36m (1.5ms)[0m  [1mcommit transaction[0m
Redirected to http://localhost:3000/students/3
Completed 302 Found in 18ms (ActiveRecord: 9.9ms)


Started GET "/students/3" for ::1 at 2017-08-14 09:53:15 -0400
Processing by StudentsController#show as HTML
  Parameters: {"id"=>"3"}
  [1m[35mStudent Load (0.3ms)[0m  SELECT  "students".* FROM "students" WHERE "students"."id" = ? LIMIT 1  [["id", 3]]
  Rendered students/show.html.erb within layouts/application (0.4ms)
Completed 200 OK in 57ms (Views: 46.3ms | ActiveRecord: 0.3ms)


Started GET "/students" for ::1 at 2017-08-14 09:54:07 -0400
Processing by StudentsController#index as HTML
  [1m[36mStudent Load (0.3ms)[0m  [1mSELECT "students".* FROM "students"[0m
  Rendered students/index.html.erb within layouts/application (1.2ms)
Completed 200 OK in 58ms (Views: 56.7ms | ActiveRecord: 0.3ms)


Started GET "/students" for ::1 at 2017-08-14 09:54:08 -0400
Processing by StudentsController#index as HTML
  [1m[35mStudent Load (0.2ms)[0m  SELECT "students".* FROM "students"
  Rendered students/index.html.erb within layouts/application (1.4ms)
Completed 200 OK in 55ms (Views: 54.2ms | ActiveRecord: 0.2ms)


Started GET "/students/3" for ::1 at 2017-08-14 09:54:23 -0400
Processing by StudentsController#show as HTML
  Parameters: {"id"=>"3"}
  [1m[36mStudent Load (0.1ms)[0m  [1mSELECT  "students".* FROM "students" WHERE "students"."id" = ? LIMIT 1[0m  [["id", 3]]
  Rendered students/show.html.erb within layouts/application (0.5ms)
Completed 200 OK in 25ms (Views: 24.2ms | ActiveRecord: 0.1ms)


Started GET "/students/new" for ::1 at 2017-08-14 09:54:24 -0400
Processing by StudentsController#new as HTML
  Rendered students/new.html.erb within layouts/application (2.0ms)
Completed 200 OK in 29ms (Views: 28.8ms | ActiveRecord: 0.0ms)


Started GET "/students/new" for ::1 at 2017-08-14 09:54:24 -0400
Processing by StudentsController#new as HTML
  Rendered students/new.html.erb within layouts/application (2.2ms)
Completed 200 OK in 40ms (Views: 39.6ms | ActiveRecord: 0.0ms)


Started POST "/students" for ::1 at 2017-08-14 09:54:27 -0400
Processing by StudentsController#create as HTML
  Parameters: {"utf8"=>"✓", "authenticity_token"=>"T877YIRAd9Gmk/snq2Ts5H6k5Lb14IQz38tnj4ImYDI1ABE7cC4IcyNPsJF73f+giFV59S3RkEFiZduv8LADRA==", "student"=>{"first_name"=>"James", "last_name"=>"Miele"}, "commit"=>"Create Student"}
  [1m[35m (0.1ms)[0m  begin transaction
  [1m[36mSQL (0.3ms)[0m  [1mINSERT INTO "students" ("created_at", "updated_at") VALUES (?, ?)[0m  [["created_at", "2017-08-14 13:54:27.806850"], ["updated_at", "2017-08-14 13:54:27.806850"]]
  [1m[35m (9.2ms)[0m  commit transaction
Redirected to http://localhost:3000/students/4
Completed 302 Found in 14ms (ActiveRecord: 9.6ms)


Started GET "/students/4" for ::1 at 2017-08-14 09:54:27 -0400
Processing by StudentsController#show as HTML
  Parameters: {"id"=>"4"}
  [1m[36mStudent Load (0.1ms)[0m  [1mSELECT  "students".* FROM "students" WHERE "students"."id" = ? LIMIT 1[0m  [["id", 4]]
  Rendered students/show.html.erb within layouts/application (0.1ms)
Completed 200 OK in 39ms (Views: 38.2ms | ActiveRecord: 0.1ms)


Started GET "/students/4" for ::1 at 2017-08-14 09:54:36 -0400
Processing by StudentsController#show as HTML
  Parameters: {"id"=>"4"}
  [1m[35mStudent Load (0.1ms)[0m  SELECT  "students".* FROM "students" WHERE "students"."id" = ? LIMIT 1  [["id", 4]]
  Rendered students/show.html.erb within layouts/application (0.1ms)
Completed 200 OK in 30ms (Views: 29.0ms | ActiveRecord: 0.1ms)


Started GET "/students" for ::1 at 2017-08-14 09:54:37 -0400
Processing by StudentsController#index as HTML
  [1m[36mStudent Load (0.1ms)[0m  [1mSELECT "students".* FROM "students"[0m
  Rendered students/index.html.erb within layouts/application (0.8ms)
Completed 200 OK in 27ms (Views: 26.5ms | ActiveRecord: 0.1ms)


Started GET "/students" for ::1 at 2017-08-14 09:54:37 -0400
Processing by StudentsController#index as HTML
  [1m[35mStudent Load (0.2ms)[0m  SELECT "students".* FROM "students"
  Rendered students/index.html.erb within layouts/application (1.0ms)
Completed 200 OK in 43ms (Views: 41.8ms | ActiveRecord: 0.2ms)


Started GET "/students" for ::1 at 2017-08-14 10:05:42 -0400
Processing by StudentsController#index as HTML
  [1m[36mStudent Load (0.3ms)[0m  [1mSELECT "students".* FROM "students"[0m
  Rendered students/index.html.erb within layouts/application (4.7ms)
Completed 200 OK in 43ms (Views: 39.7ms | ActiveRecord: 0.6ms)


Started GET "/assets/application.self-e80e8f2318043e8af94dddc2adad5a4f09739a8ebb323b3ab31cd71d45fd9113.css?body=1" for ::1 at 2017-08-14 10:05:42 -0400


Started GET "/assets/jquery_ujs.self-d456baa54c1fa6be2ec3711f0a72ddf7a5b2f34a6b4f515f33767d6207b7d4b3.js?body=1" for ::1 at 2017-08-14 10:05:42 -0400


Started GET "/assets/jquery.self-a714331225dda820228db323939889f149aec0127aeb06255646b616ba1ca419.js?body=1" for ::1 at 2017-08-14 10:05:42 -0400


Started GET "/assets/application.self-3b8dabdc891efe46b9a144b400ad69e37d7e5876bdc39dee783419a69d7ca819.js?body=1" for ::1 at 2017-08-14 10:05:42 -0400


Started GET "/assets/turbolinks.self-c37727e9bd6b2735da5c311aa83fead54ed0be6cc8bd9a65309e9c5abe2cbfff.js?body=1" for ::1 at 2017-08-14 10:05:42 -0400
